✅ Found header at row 1
  ✅ Apricot, conventional, national average, at orchar...
  ✅ Lamb, conventional, indoor production system, at f...
  ✅ Lamb, conventional, Roquefort system, at farm gate...
  ✅ Seaweed non-optimized production, 1kg algae (Lamin...
  ✅ Seaweed optimized production, 1kg algae (Laminaria...
  ✅ Pineapple, mixed production, Reunion Island averag...
  ✅ European Anchovy, Engraulis encrasicolus, ECA, Sei...
  ✅ Oat grain, national average, animal feed, at farm ...
  ✅ Banana, mixed production, West Indies, at farm gat...
  ✅ Sea bass or sea bream, 200-500g, conventional, in ...
  ✅ Beetroot for juice, conventional, at farm gate {FR...
  ✅ Sugar beet roots, conventional, national average, ...
  ✅ Durum wheat grain, conventional, national average,...
  ✅ Soft wheat grain, conventional, protein improved q...
  ✅ Soft wheat grain, conventional, national average, ...
  ✅ Soft wheat grain, conventional, breadmaking qualit...
  ✅ Soft wheat grain, systematic cover cropping scenar...
  ✅ Soft wheat grain, protein crop scenario, at farm g...
  ✅ Soft wheat grain, basis scenario without lever, at...
  ✅ Cull ewe, conventional, indoor production system, ...
  ✅ Cull ewe, conventional, Roquefort system, at farm ...
  ✅ Duck for roasting, conventional, at farm gate {FR}...
  ✅ Fattening duck, conventional, at farm gate {FR} U...
  ✅ Carrot, conventional, national average, at farm ga...
  ✅ Carrot, conventional, fall, Creances, Lower Norman...
  ✅ Carrot, conventional, fall, Mont St. Michel, Lower...
  ✅ Carrot, conventional, fall, Val de Saire, Lower No...
  ✅ Carrot, conventional, main season, Aquitaine, at f...
  ✅ Carrot, conventional, winter, Aquitaine, at farm g...
  ✅ Carrot, conventional, winter, Creances, Lower Norm...
  ✅ Carrot, conventional, winter, Mont St. Michel, Low...
  ✅ Carrot, conventional, winter, Val de Saire, Lower ...
  ✅ Carrot, conventional, early, Aquitaine, at farm ga...
  ✅ Cherry, conventional, national average, at orchard...
  ✅ Hemp, straw, ret, Champagne, at farm gate {FR} U...
  ✅ Kid goat, conventional, intensive forage area, at ...
  ✅ Cull goat, conventional, intensive forage area, at...
  ✅ Chicory witloof, season, conventional, refrigerant...
  ✅ Cauliflower, summer, conventional, at farm gate {F...
  ✅ Cauliflower, winter, conventional, at farm gate {F...
  ✅ Cauliflower, conventional, national average, at fa...
  ✅ Clementine, export quality, Souss, at orchard {MA}...
  ✅ Rapeseed, conventional, 9% moisture, national aver...
  ✅ Rapeseed, systematic covercropping scenario, at fa...
  ✅ Rapeseed, protein crop scenario, at farm gate {FR}...
  ✅ Rapeseed, basis scenario without lever, at farm ga...
  ✅ Great Scallop, Pecten maximus, BSBrieuc, Dredge, a...
  ✅ Zucchini, autumn, under tunnel, conventional, at f...
  ✅ Zucchini, conventional, national average, at farm ...
  ✅ Zucchini, open field, conventional, at farm gate {...
  ✅ Zucchini, springtime, under tunnel, conventionel, ...
  ✅ Fresh shrimps, China production {FR} U...
  ✅ Turkey, conventional, at farm gate {FR} U...
  ✅ Turkey, Label Rouge, at farm gate {FR} U...
  ✅ Chicory witloof, early, conventional at farm gate ...
  ✅ Chicory witloof, season, conventional at farm gate...
  ✅ Chicory witloof, late, conventional at farm gate {...
  ✅ Chicory witloof, conventional, national average at...
  ✅ Spring faba bean, conventional, national average, ...
  ✅ Spring faba bean, conventional, reduced protection...
  ✅ Hemp fibre, without processing {FR} U...
  ✅ Strawberry, soilless protected crops, frost protec...
  ✅ Strawberry, soilless protected crops, heated, conv...
  ✅ Strawberry, soilless protected crops, non-heated, ...
  ✅ Strawberry, conventional, national average, at far...
  ✅ Strawberry, open field, conventional, at farm gate...
  ✅ Strawberry, soil protected crops, non-heated, conv...
  ✅ Strawberry for processing, open field, conventiona...
  ✅ Strawberry for processing, open field, conventiona...
  ✅ Strawberry for processing, open field, conventiona...
  ✅ Gadidae, CelticSea, Bottom Trawl, average, at land...
  ✅ Suckler heifer, conventional, fattening system, mo...
  ✅ Coffee bean (Robusta), depulped, Brazil, at farm g...
  ✅ Hemp, grain, Champagne, at farm gate {FR} U...
  ✅ Sunflower grain, conventional, 9% moisture, nation...
  ✅ Sunflower grain, systematic covercropping scenario...
  ✅ Sunflower grain, protein crop scenario, at farm ga...
  ✅ Sunflower grain, basis scenario without lever, at ...
  ✅ Flaxseed extruded, Bleu Blanc Coeur feed, at farm ...
  ✅ Flaxseed, straw, ret, Normandie, at farm gate {FR}...
  ✅ Large trout, 2-4kg, conventional, at farm gate {FR...
  ✅ Atlantic Herring, Clupea harengus, NEA, Pelagic Tr...
  ✅ French bean, conventional, national average, at fa...
  ✅ Lobster, 1 kg of product, at landing {FR} U...
  ✅ Kiwi FR, conventional, national average, at orchar...
  ✅ Wool, conventional, Roquefort system, at farm gate...
  ✅ Wool, conventional, indoor production system, at f...
  ✅ Sheep milk, conventional, Roquefort system, at far...
  ✅ Goat milk, conventional, intensive forage area, at...
  ✅ Cow milk, conventional, national average, at farm ...
  ✅ Cow milk, conventional, lowland milk system, silag...
  ✅ Cow milk, conventional, lowland milk system, silag...
  ✅ Cow milk, conventional, lowland milk system, silag...
  ✅ Cow milk, conventional, highland milk system, gras...
  ✅ Lettuce, autumn under tunnel, conventional, at far...
  ✅ Lettuce, winter under tunnel, conventional, at far...
  ✅ Lettuce, conventional, national average, at farm g...
  ✅ Lettuce, open field, conventional, at farm gate {F...
  ✅ Cull rabbit, conventional, in cage, at farm gate {...
  ✅ Rabbit, conventional, in cage, at farm gate {FR} U...
  ✅ Spring lupin, 2013, conventional, national average...
  ✅ Spring lupin, 2015, conventional, national average...
  ✅ Winter lupin, 2013, conventional, national average...
  ✅ Winter lupin, 2015, conventional, national average...
  ✅ Lupin, conventional, national average, at farm gat...
  ✅ Alfalfa, dehydrated, 100% biomass energy process, ...
  ✅ Alfalfa, dehydrated, with new energies process, co...
  ✅ Alfalfa, conventional, for dehydration, animal fee...
  ✅ Alfalfa, conventional, for animal feeding, at farm...
  ✅ Alfalfa, conventional, national average, at farm g...
  ✅ Maize grain, conventional, 28% moisture, national ...
  ✅ Maize grain, conventional, 28% moisture, national ...
  ✅ Grain maize, systematic cover cropping scenario, a...
  ✅ Grain maize, protein crop scenario, at farm gate {...
  ✅ Grain maize, basis scenario without lever, at farm...
  ✅ Atlantic Mackerel, Scomber scombrus, NEA, Pelagic ...
  ✅ Melon, conventional, national average, at farm gat...
  ✅ Melon, open field, conventional, at farm gate {FR}...
  ✅ Melon, under low tunnel, conventional, at farm gat...
  ✅ Melon, protected crop, conventional, at farm gate ...
  ✅ Mussels, with shell, at farm gate {FR} U...
  ✅ Walnut, dried inshell, conventional, national aver...
  ✅ Walnut, dried inshell, varieties with lateral fruc...
  ✅ Walnut, dried inshell, traditional varieties, conv...
  ✅ Onion, short day sown, conventional, at farm gate ...
  ✅ Onion, long-day planted, conventional, at farm gat...
  ✅ Onion, long-day sown, conventional, at farm gate {...
  ✅ Onion, conventional, national average, at farm {FR...
  ✅ Spring barley, conventional, malting quality, anim...
  ✅ Spring barley, conventional, downgraded quality, a...
  ✅ Winter barley, conventional, malting quality, anim...
  ✅ Barley, feed grain, conventional, national average...
  ✅ Peach, conventional, national average, at orchard ...
  ✅ Annual vining pea for industry, Conventional, Nati...
  ✅ Small trout, 250-350g, conventional, at farm gate ...
  ✅ Pear, conventional, national average, at orchard {...
  ✅ Pear, at farm {NL} U...
  ✅ Autumn irrigated leek, conventional, at farm gate ...
  ✅ Leek, winter non-irrigated, conventional, at farm ...
  ✅ Leek, conventional, national average, at plant {FR...
  ✅ Leek, early planted, conventional, at farm gate {F...
  ✅ Leek, early sown, conventional, at farm gate {FR} ...
  ✅ Spring pea, conventional, 15% moisture, animal fee...
  ✅ Winter pea, conventional, 15% moisture, at farm ga...
  ✅ Black pepper, conventional, at farm gate {VN} U...
  ✅ Cider apple, conventional, national average, at or...
  ✅ Apple, conventional, national average, at orchard ...
  ✅ Apple, conventional, non scab-tolerant, at orchard...
  ✅ Apple, conventional, scab-tolerant, at orchard {FR...
  ✅ Starch potato, conventional, national average, at ...
  ✅ Ware potato, conventional, for industrial use, at ...
  ✅ Ware potato, conventional, variety mix, national a...
  ✅ Ware potato, conventional, for fresh market, other...
  ✅ Ware potato, conventional, for fresh market, firm ...
  ✅ Pig, Label Rouge, outdoor system, at farm gate {FR...
  ✅ Pig, conventional, Porc Bien Etre, at farm gate {F...
  ✅ Pig, conventional, on-farm feed supply, at farm ga...
  ✅ Pig, conventional, national average, at farm gate ...
  ✅ Mixt pig, conventional, national average, at farm ...
  ✅ Pig, Label Rouge, national average, at farm gate {...
  ✅ Mixt pig, Label Rouge, national average, at farm g...
  ✅ Pig, Label Rouge, pig with run system, at farm gat...
  ✅ Broiler, conventional, at farm gate {FR} U...
  ✅ Broiler, Label Rouge, at farm gate {FR} U...
  ✅ Broiler, production mix, national average, at farm...
  ✅ Chicory witloof, early, conventional, root product...
  ✅ Chicory witloof, season, conventional, root produc...
  ✅ Chicory witloof, late, conventional, root producti...
  ✅ Quinoa FR, conventional, at farm gate {FR} U...
  ✅ Quinoa FR, conventional, at farm gate {FR} U...
  ✅ Chicory roots, conventional, at farm gate {FR} U...
  ✅ Grapefruit for juice, conventional, at farm gate {...
  ✅ Grape, integrated, french mix {FR} U...
  ✅ Grape, integrated, AOC, Beaujolais, at vineyard {F...
  ✅ Grape, integrated, variety mix, Languedoc-Roussill...
  ✅ Saithe, Pollachius virens, NorthSea, Bottom Trawl,...
  ✅ Saithe, Pollachius virens, NorthSea, Bottom Trawl,...
  ✅ European Pilchard, Sardina pilchardus, ECA, Seine,...
  ✅ European Pilchard, Sardina pilchardus, BBiscay, Se...
  ✅ Salmon, farmed, conventional, at farm gate {NO} U...
  ✅ Soybean, cut-off date 2008 {BR}| market for soybea...
  ✅ Soybean, cut-off date 2020 {BR}| market for soybea...
  ✅ Soybean, not associated to deforestation {BR}| mar...
  ✅ Soybean, national average, animal feed, at farm ga...
  ✅ Common Sole, Solea solea, BBiscay, Trammel Net, av...
  ✅ Silage sorghum, national average, animal feed, at ...
  ✅ Sorghum grain, conventional, national average, ani...
  ✅ Young suckler bull, conventional, fattening system...
  ✅ Young suckler bull, conventional, fattening system...
  ✅ Young dairy bull, conventional, fattening system, ...
  ✅ Albacore, Thunnus alalunga, NEA, Pelagic trawl, av...
  ✅ Yellowfin Tuna, Thunnus albacares, ECA, Seine, ave...
  ✅ Skipjack Tuna, Katsuwonus pelamis, ECA, Seine, ave...
  ✅ Bluefin Tuna, Thunnus thynnus, MedSea, Longline, a...
  ✅ Bluefin Tuna, Thunnus thynnus, MedSea, Seine, aver...
  ✅ Tomato, medium size, conventional, soil based, non...
  ✅ Tomato, medium size, conventional, heated greenhou...
  ✅ Tomato, average basket, conventional, heated green...
  ✅ Tomato, average basket, conventional, soil based, ...
  ✅ Brown crab, 1 kg of product, at landing {GB} U...
  ✅ Brown crab, 1 kg of product, at landing {FR} U...
  ✅ Brown crab, 1 kg of product, at landing {IE} U...
  ✅ Triticale grain, conventional, national average, a...
  ✅ Cull sow, Conventional, Porc Bien Etre, at farm ga...
  ✅ Cull sow, conventional, on-farm feed supply, at fa...
  ✅ Cull sow, conventional, national average, at farm ...
  ✅ Cull sow, Label Rouge, national average, at farm g...
  ✅ Cull sow, Label Rouge, pig with run system, at far...
  ✅ Cull sow, Label Rouge, outdoor system, at farm gat...
  ✅ Suckler cull cow, conventional, suckler cow system...
  ✅ Suckler cull cow, conventional, suckler cow system...
  ✅ Cull cow, conventional, highland milk system, gras...
  ✅ Cull cow, conventional, lowland milk system, silag...
  ✅ Cull cow, conventional, lowland milk system, silag...
  ✅ Cull cow, conventional, lowland milk system, silag...
  ✅ Veal, conventional, fattening system, calves from ...

📊 Processed: 216 ingredients
   Skipped: 6 (eggs/empty)

✅ Generated: farm_gate_ingredients.js
   Copy the contents between the braces into your Data.txt ingredients section.
